/sphenix/user/kyolee/sPHENIX-Collaboration/macros_py8GammaJet_vtx10gaus_SS310/macros/g4simulations/run_Fun4All.sh
/afs/rhic.bnl.gov/sphenix/sys/x8664_sl6/new.2/root/bin/root
*** Executing run_Fun4All.sh
/gpfs/mnt/gpfs04/sphenix/user/kyolee/sPHENIX-Collaboration/macros_py8GammaJet_vtx10gaus_SS310/macros/g4simulations
total 12800
drwxr-sr-x 7 kyolee sphenix  4096 Mar 26 03:02 .
drwxr-sr-x 7 kyolee sphenix  4096 Mar 26 02:53 ..
-rw-r--r-- 1 kyolee sphenix  1350 Mar 26 02:53 DisplayOn.C
-rw-r--r-- 1 kyolee sphenix 18580 Mar 26 02:53 Fun4All_G4_EICDetector.C
-rw-r--r-- 1 kyolee sphenix 13260 Mar 26 02:53 Fun4All_G4_fsPHENIX.C
-rw-r--r-- 1 kyolee sphenix 17952 Mar 26 02:53 Fun4All_G4_sPHENIX.C
-rw-r--r-- 1 kyolee sphenix 18224 Mar 26 02:53 Fun4All_G4_sPHENIX_jet.C
-rw-r--r-- 1 kyolee sphenix 18749 Mar 26 02:53 Fun4All_G4_sPHENIX_ptlgun.C
-rw-r--r-- 1 kyolee sphenix 19006 Mar 26 02:55 Fun4All_G4_sPHENIX_py8gammajet.C
-rw-r--r-- 1 kyolee sphenix 19000 Mar 26 02:54 Fun4All_G4_sPHENIX_py8jet.C
-rw-r--r-- 1 kyolee sphenix 19017 Mar 26 02:53 Fun4All_G4_sPHENIX_py8jet_vtx0.C
-rw-r--r-- 1 kyolee sphenix 18992 Mar 26 02:56 Fun4All_G4_sPHENIX_py8jet_vtx10flat.C
-rw-r--r-- 1 kyolee sphenix 12653 Mar 26 02:53 G4Setup_EICDetector.C
-rw-r--r-- 1 kyolee sphenix 15268 Mar 26 02:53 G4Setup_fsPHENIX.C
-rw-r--r-- 1 kyolee sphenix  8731 Mar 26 02:53 G4Setup_sPHENIX.C
-rw-r--r-- 1 kyolee sphenix  1504 Mar 26 02:53 G4_Aerogel.C
-rw-r--r-- 1 kyolee sphenix   780 Mar 26 02:53 G4_Bbc.C
-rw-r--r-- 1 kyolee sphenix 15067 Mar 26 02:53 G4_CEmc_Spacal.C
-rw-r--r-- 1 kyolee sphenix   415 Mar 26 02:53 G4_CaloTrigger.C
-rw-r--r-- 1 kyolee sphenix  2923 Mar 26 02:53 G4_DIRC.C
-rw-r--r-- 1 kyolee sphenix  2944 Mar 26 02:53 G4_DSTReader.C
-rw-r--r-- 1 kyolee sphenix  4736 Mar 26 02:53 G4_DSTReader_EICDetector.C
-rw-r--r-- 1 kyolee sphenix  3768 Mar 26 02:53 G4_DSTReader_fsPHENIX.C
-rw-r--r-- 1 kyolee sphenix  3772 Mar 26 02:53 G4_EEMC.C
-rw-r--r-- 1 kyolee sphenix  3557 Mar 26 02:53 G4_EGEM_EIC.C
-rw-r--r-- 1 kyolee sphenix  4059 Mar 26 02:53 G4_FEMC.C
-rw-r--r-- 1 kyolee sphenix  3135 Mar 26 02:53 G4_FEMC_EIC.C
-rw-r--r-- 1 kyolee sphenix 10207 Mar 26 02:53 G4_FGEM_EIC.C
-rw-r--r-- 1 kyolee sphenix  9218 Mar 26 02:53 G4_FGEM_fsPHENIX.C
-rw-r--r-- 1 kyolee sphenix  4580 Mar 26 02:53 G4_FHCAL.C
-rw-r--r-- 1 kyolee sphenix  2495 Mar 26 02:53 G4_FwdJets.C
-rw-r--r-- 1 kyolee sphenix   986 Mar 26 02:53 G4_Global.C
-rw-r--r-- 1 kyolee sphenix  2238 Mar 26 02:53 G4_HIJetReco.C
-rw-r--r-- 1 kyolee sphenix  8292 Mar 26 02:53 G4_HcalIn_ref.C
-rw-r--r-- 1 kyolee sphenix  6582 Mar 26 02:53 G4_HcalOut_ref.C
-rw-r--r-- 1 kyolee sphenix  4187 Mar 26 02:53 G4_Jets.C
-rw-r--r-- 1 kyolee sphenix  3033 Mar 26 02:53 G4_Magnet.C
-rw-r--r-- 1 kyolee sphenix   622 Mar 26 02:53 G4_PSTOF.C
-rw-r--r-- 1 kyolee sphenix  4306 Mar 26 02:53 G4_Pipe.C
-rw-r--r-- 1 kyolee sphenix  1804 Mar 26 02:53 G4_PlugDoor.C
-rw-r--r-- 1 kyolee sphenix  1533 Mar 26 02:53 G4_RICH.C
-rw-r--r-- 1 kyolee sphenix 11553 Mar 26 02:53 G4_Svtx.C
-rw-r--r-- 1 kyolee sphenix 10893 Mar 26 02:53 G4_Svtx_MAPScyl_ITTcyl_TPC.C
-rw-r--r-- 1 kyolee sphenix 31272 Mar 26 02:53 G4_Svtx_maps_ladders+intt_ladders+tpc_KalmanPatRec.C
-rw-r--r-- 1 kyolee sphenix  2579 Mar 26 02:53 G4_TPC.C
drwxr-sr-x 5 kyolee sphenix  4096 Mar 26 03:00 KyoTreeMaker
drwxr-sr-x 5 kyolee sphenix  4096 Mar 26 03:01 PHPythia8
drwxr-sr-x 3 kyolee sphenix  4096 Mar 26 02:59 condor
drwxr-sr-x 4 kyolee sphenix  4096 Mar 26 02:53 install
drwxr-sr-x 2 kyolee sphenix  4096 Mar 26 03:02 out_File
-rw-r--r-- 1 kyolee sphenix   929 Mar 26 02:53 phpythia8_QCD15.cfg
-rw-r--r-- 1 kyolee sphenix   929 Mar 26 02:53 phpythia8_QCD15_prompt.cfg
-rwxr-xr-x 1 kyolee sphenix  3184 Mar 26 02:57 run_Fun4All.sh
-rwxr-xr-x 1 kyolee sphenix   828 Mar 26 02:53 test.sh
-rw-r--r-- 1 kyolee sphenix  2871 Mar 26 02:53 vis.mac
00000
sPhenixStyle: Applying nominal settings.
sPhenixStyle: ROOT5 mode

Processing Fun4All_G4_sPHENIX_py8gammajet.C(50,"phpythia8_QCD15_prompt.cfg","./out_File/QCD15GeV_gammajet5GeVeta0p6_G4sPHENIX_File_0.root","")...

 *------------------------------------------------------------------------------------* 
 |                                                                                    | 
 |  *------------------------------------------------------------------------------*  | 
 |  |                                                                              |  | 
 |  |                                                                              |  | 
 |  |   PPP   Y   Y  TTTTT  H   H  III    A      Welcome to the Lund Monte Carlo!  |  | 
 |  |   P  P   Y Y     T    H   H   I    A A     This is PYTHIA version 8.212      |  | 
 |  |   PPP     Y      T    HHHHH   I   AAAAA    Last date of change: 23 Sep 2015  |  | 
 |  |   P       Y      T    H   H   I   A   A                                      |  | 
 |  |   P       Y      T    H   H  III  A   A    Now is 26 Mar 2018 at 03:12:48    |  | 
 |  |                                                                              |  | 
 |  |   Torbjorn Sjostrand;  Department of Astronomy and Theoretical Physics,      |  | 
 |  |      Lund University, Solvegatan 14A, SE-223 62 Lund, Sweden;                |  | 
 |  |      e-mail: torbjorn@thep.lu.se                                             |  | 
 |  |   Jesper Roy Christiansen;  Department of Astronomy and Theoretical Physics, |  | 
 |  |      Lund University, Solvegatan 14A, SE-223 62 Lund, Sweden;                |  | 
 |  |      e-mail: Jesper.Roy.Christiansen@thep.lu.se                              |  | 
 |  |   Nishita Desai;  Institut fuer Theoretische Physik,                         |  | 
 |  |     Universitaet Heidelberg, Philosophenweg 16, D-69120 Heidelberg, Germany; |  | 
 |  |      e-mail: n.desai@thphys.uni-heidelberg.de                                |  | 
 |  |   Philip Ilten;  Massachusetts Institute of Technology,                      |  | 
 |  |      stationed at CERN, CH-1211 Geneva 23, Switzerland;                      |  | 
 |  |      e-mail: philten@cern.ch                                                 |  | 
 |  |   Stephen Mrenna;  Computing Division, Simulations Group,                    |  | 
 |  |      Fermi National Accelerator Laboratory, MS 234, Batavia, IL 60510, USA;  |  | 
 |  |      e-mail: mrenna@fnal.gov                                                 |  | 
 |  |   Stefan Prestel;  Theoretical Physics Group,                                |  | 
 |  |      SLAC National Accelerator Laboratory, Menlo Park, CA 94025, USA;        |  | 
 |  |      e-mail: prestel@slac.stanford.edu                                       |  | 
 |  |   Christine O. Rasmussen;  Department of Astronomy and Theoretical Physics,  |  | 
 |  |      Lund University, Solvegatan 14A, SE-223 62 Lund, Sweden;                |  | 
 |  |      e-mail: christine.rasmussen@thep.lu.se                                  |  | 
 |  |   Peter Skands;  School of Physics,                                          |  | 
 |  |      Monash University, PO Box 27, 3800 Melbourne, Australia;                |  | 
 |  |      e-mail: peter.skands@monash.edu                                         |  | 
 |  |                                                                              |  | 
 |  |   The main program reference is 'An Introduction to PYTHIA 8.2',             |  | 
 |  |   T. Sjostrand et al, Comput. Phys. Commun. 191 (2005) 159                   |  | 
 |  |   [arXiv:1410.3012 [hep-ph]]                                                 |  | 
 |  |                                                                              |  | 
 |  |   The main physics reference is the 'PYTHIA 6.4 Physics and Manual',         |  | 
 |  |   T. Sjostrand, S. Mrenna and P. Skands, JHEP05 (2006) 026 [hep-ph/0603175]  |  | 
 |  |                                                                              |  | 
 |  |   An archive of program versions and documentation is found on the web:      |  | 
 |  |   http://www.thep.lu.se/Pythia                                               |  | 
 |  |                                                                              |  | 
 |  |   This program is released under the GNU General Public Licence version 2.   |  | 
 |  |   Please respect the MCnet Guidelines for Event Generator Authors and Users. |  | 
 |  |                                                                              |  | 
 |  |   Disclaimer: this program comes without any guarantees.                     |  | 
 |  |   Beware of errors and use common sense when interpreting results.           |  | 
 |  |                                                                              |  | 
 |  |   Copyright (C) 2015 Torbjorn Sjostrand                                      |  | 
 |  |                                                                              |  | 
 |  |                                                                              |  | 
 |  *------------------------------------------------------------------------------*  | 
 |                                                                                    | 
 *------------------------------------------------------------------------------------* 

KYO: _verbosity2---------------- PHPy8JetTrigger::PrintConfig --------------------
   Particles EtaCut:  -0.600 < eta < 0.600
   Minimum Jet pT: 5.000 GeV/c
   Anti-kT Radius: 1.000
-----------------------------------------------------------------------

 *-------  PYTHIA Process Initialization  --------------------------*
 |                                                                  |
 | We collide p+ with p+ at a CM energy of 2.000e+02 GeV            |
 |                                                                  |
 |------------------------------------------------------------------|
 |                                                    |             |
 | Subprocess                                    Code |   Estimated |
 |                                                    |    max (mb) |
 |                                                    |             |
 |------------------------------------------------------------------|
 |                                                    |             |
 | q g -> q gamma (udscb)                         201 |   1.422e-06 |
 | q qbar -> g gamma                              202 |   2.118e-07 |
 | g g -> g gamma                                 203 |   2.522e-10 |
 | f fbar -> gamma gamma                          204 |   1.311e-09 |
 | g g -> gamma gamma                             205 |   1.714e-10 |
 |                                                                  |
 *-------  End PYTHIA Process Initialization -----------------------*

 *-------  PYTHIA Multiparton Interactions Initialization  ---------* 
 |                                                                  | 
 |                   sigmaNonDiffractive =   28.64 mb               | 
 |                                                                  | 
 |    pT0 =  1.06 gives sigmaInteraction =   84.83 mb: accepted     | 
 |                                                                  | 
 *-------  End PYTHIA Multiparton Interactions Initialization  -----* 

 *-------  PYTHIA Flag + Mode + Parm + Word + FVec + MVec + PVec Settings (changes only)  -------------------------* 
 |                                                                                                                 | 
 | Name                                          |                      Now |      Default         Min         Max | 
 |                                               |                          |                                      | 
 | Beams:eCM                                     |                200.00000 |    14000.000    10.00000             | 
 | Next:numberShowInfo                           |                        0 |            1           0             | 
 | PhaseSpace:pTHatMin                           |                 15.00000 |          0.0         0.0             | 
 | PromptPhoton:all                              |                       on |          off                         | 
 | Random:seed                                   |                607063704 |           -1               900000000 | 
 | Random:setSeed                                |                       on |          off                         | 
 |                                                                                                                 | 
 *-------  End PYTHIA Flag + Mode + Parm + Word + FVec + MVec + PVec Settings  ------------------------------------* 

 --------  PYTHIA Particle Data Table (changed only)  ------------------------------------------------------------------------------
 
      id   name            antiName         spn chg col      m0        mWidth      mMin       mMax       tau0    res dec ext vis wid
             no onMode   bRatio   meMode     products 

 no particle data has been changed from its default value 

 --------  End PYTHIA Particle Data Table  -----------------------------------------------------------------------------------------


*************************************************************
 Geant4 version Name: geant4-10-02-patch-02    (17-June-2016)
                      Copyright : Geant4 Collaboration
                      Reference : NIM A 506 (2003), 250-303
                            WWW : http://cern.ch/geant4
*************************************************************

<<< Geant4 Physics List simulation engine: QGSP_BERT 4.0

PHG4MapsCellReco: Setting MAPS timing window defaults to tmin = -2000 and  tmax = 2000 
CYLINDERTPCRECO random seed: 380726111
EmcRawTowerDigitizer Random Seed: 3315779555
PHParameters::ReadFromFile - Reading from File: /afs/rhic.bnl.gov/sphenix/sys/x8664_sl6/new.2/share/calibrations/CEMC/TowerCalib_2017ProjTilted/cemc_geoparams-0-0-4294967295-1499354960.xml ... Received PdbParameterMap with (Hash = 0x3f143b0983e0b786)
PHParameters::ReadFromFile - Reading from File: /afs/rhic.bnl.gov/sphenix/sys/x8664_sl6/new.2/share/calibrations/CEMC/PositionRecalibration/cemc_recalib_geoparams-0-0-4294967295-1496409398.xml ... Received PdbParameterMap with (Hash = 0xa5f50def35f068a4)
PHParameters::ReadFromFile - Reading from File: /afs/rhic.bnl.gov/sphenix/sys/x8664_sl6/new.2/share/calibrations/CEMC/PositionRecalibration/cemc_ecore_recalib_geoparams-0-0-4294967295-1513627619.xml ... Received PdbParameterMap with (Hash = 0x90ec96779daef41f)
HcalInRawTowerDigitizer Random Seed: 140453668
HcalOutRawTowerDigitizer Random Seed: 1144207997
Fun4AllServer: Runnumber forced to 0 by RUNNUMBER IntFlag
Fun4AllServer::setRun(): could not get timestamp for run  0, using tics(0) timestamp: Wed Dec 31 19:00:00 1969
PHFieldUtility::GetFieldConfigNode - field map with configuration from input default: PHFieldConfig_v1::identify - Field type of [2D field map expressed in cylindrical coordinates] from file [/phenix/upgrades/decadal/fieldmaps/sPHENIX.2d.root] with a scale factor of -0.9
PHParameters::ReadFromFile - Reading from File: /afs/rhic.bnl.gov/sphenix/sys/x8664_sl6/new.2/share/calibrations/CEMC/Geometry_2017ProjTilted/cemc_geoparams-0-0-4294967295-1502831737.xml ... Received PdbParameterMapContainer layer #0 with (Hash = 0x7914b1f9a5f10bde)
G4GDML: Reading '/afs/rhic.bnl.gov/sphenix/sys/x8664_sl6/new.2/share/calibrations/Tracking/geometry/ALICE_ITS_tgeo.gdml'...
G4GDML: Reading definitions...
G4GDML: Reading materials...
G4GDML: Reading solids...
G4GDML: Reading structure...
G4GDML: Reading setup...
G4GDML: Reading '/afs/rhic.bnl.gov/sphenix/sys/x8664_sl6/new.2/share/calibrations/Tracking/geometry/ALICE_ITS_tgeo.gdml' done!
Stripping off GDML names of materials, solids and volumes ...
G4GDML: Reading '/afs/rhic.bnl.gov/sphenix/sys/x8664_sl6/new.2/share/calibrations/Tracking/geometry/ALICE_ITS_tgeo.gdml'...
G4GDML: Reading definitions...
G4GDML: Reading materials...
G4Material WARNING: duplicate name of material BODY_Vacuum__
G4Material WARNING: duplicate name of material BODY_Air_____
G4Material WARNING: duplicate name of material BODY_Be______
G4Material WARNING: duplicate name of material ITS_AIR
G4Material WARNING: duplicate name of material ITS_WATER
G4Material WARNING: duplicate name of material ITS_SI
G4Material WARNING: duplicate name of material ITS_BERILLIUM
G4Material WARNING: duplicate name of material ITS_COPPER
G4Material WARNING: duplicate name of material ITS_CARBON
G4Material WARNING: duplicate name of material ITS_KAPTONPOLYCH2
G4Material WARNING: duplicate name of material ITS_GLUE
G4Material WARNING: duplicate name of material ITS_K13D2U2k
G4Material WARNING: duplicate name of material ITS_K13D2U120
G4Material WARNING: duplicate name of material ITS_F6151B05M
G4Material WARNING: duplicate name of material ITS_M60J3K
G4Material WARNING: duplicate name of material ITS_M55J6K
G4Material WARNING: duplicate name of material ITS_T300
G4Material WARNING: duplicate name of material ITS_FGS003
G4Material WARNING: duplicate name of material ITS_CarbonFleece
G4Material WARNING: duplicate name of material ITS_PEEKCF30
G4Material WARNING: duplicate name of material ITS_FLEXCABLE
G4Material WARNING: duplicate name of material ITS_ALUMINUM
G4Material WARNING: duplicate name of material ITS_TUNGCARB
G4Material WARNING: duplicate name of material ITS_INOX304
G4Material WARNING: duplicate name of material MFT_Air
G4Material WARNING: duplicate name of material MFT_Vacuum
G4Material WARNING: duplicate name of material MFT_Si
G4Material WARNING: duplicate name of material MFT_Readout
G4Material WARNING: duplicate name of material MFT_Support
G4Material WARNING: duplicate name of material MFT_Carbon
G4Material WARNING: duplicate name of material MFT_Be
G4Material WARNING: duplicate name of material MFT_Alu
G4Material WARNING: duplicate name of material MFT_Water
G4Material WARNING: duplicate name of material MFT_SiO2
G4Material WARNING: duplicate name of material MFT_Inox
G4Material WARNING: duplicate name of material MFT_Kapton
G4Material WARNING: duplicate name of material MFT_Epoxy
G4Material WARNING: duplicate name of material MFT_C_M55J
G4Material WARNING: duplicate name of material MFT_Rohacell
G4Material WARNING: duplicate name of material MFT_Polyimide
G4Material WARNING: duplicate name of material MFT_PEEK
G4GDML: Reading solids...
G4GDML: Reading structure...
G4GDML: Reading setup...
G4GDML: Reading '/afs/rhic.bnl.gov/sphenix/sys/x8664_sl6/new.2/share/calibrations/Tracking/geometry/ALICE_ITS_tgeo.gdml' done!
Stripping off GDML names of materials, solids and volumes ...
G4GDML: Reading '/afs/rhic.bnl.gov/sphenix/sys/x8664_sl6/new.2/share/calibrations/Tracking/geometry/ALICE_ITS_tgeo.gdml'...
G4GDML: Reading definitions...
G4GDML: Reading materials...
G4Material WARNING: duplicate name of material BODY_Vacuum__
G4Material WARNING: duplicate name of material BODY_Air_____
G4Material WARNING: duplicate name of material BODY_Be______
G4Material WARNING: duplicate name of material ITS_AIR
G4Material WARNING: duplicate name of material ITS_WATER
G4Material WARNING: duplicate name of material ITS_SI
G4Material WARNING: duplicate name of material ITS_BERILLIUM
G4Material WARNING: duplicate name of material ITS_COPPER
G4Material WARNING: duplicate name of material ITS_CARBON
G4Material WARNING: duplicate name of material ITS_KAPTONPOLYCH2
G4Material WARNING: duplicate name of material ITS_GLUE
G4Material WARNING: duplicate name of material ITS_K13D2U2k
G4Material WARNING: duplicate name of material ITS_K13D2U120
G4Material WARNING: duplicate name of material ITS_F6151B05M
G4Material WARNING: duplicate name of material ITS_M60J3K
G4Material WARNING: duplicate name of material ITS_M55J6K
G4Material WARNING: duplicate name of material ITS_T300
G4Material WARNING: duplicate name of material ITS_FGS003
G4Material WARNING: duplicate name of material ITS_CarbonFleece
G4Material WARNING: duplicate name of material ITS_PEEKCF30
G4Material WARNING: duplicate name of material ITS_FLEXCABLE
G4Material WARNING: duplicate name of material ITS_ALUMINUM
G4Material WARNING: duplicate name of material ITS_TUNGCARB
G4Material WARNING: duplicate name of material ITS_INOX304
G4Material WARNING: duplicate name of material MFT_Air
G4Material WARNING: duplicate name of material MFT_Vacuum
G4Material WARNING: duplicate name of material MFT_Si
G4Material WARNING: duplicate name of material MFT_Readout
G4Material WARNING: duplicate name of material MFT_Support
G4Material WARNING: duplicate name of material MFT_Carbon
G4Material WARNING: duplicate name of material MFT_Be
G4Material WARNING: duplicate name of material MFT_Alu
G4Material WARNING: duplicate name of material MFT_Water
G4Material WARNING: duplicate name of material MFT_SiO2
G4Material WARNING: duplicate name of material MFT_Inox
G4Material WARNING: duplicate name of material MFT_Kapton
G4Material WARNING: duplicate name of material MFT_Epoxy
G4Material WARNING: duplicate name of material MFT_C_M55J
G4Material WARNING: duplicate name of material MFT_Rohacell
G4Material WARNING: duplicate name of material MFT_Polyimide
G4Material WARNING: duplicate name of material MFT_PEEK
G4GDML: Reading solids...
G4GDML: Reading structure...
G4GDML: Reading setup...
G4GDML: Reading '/afs/rhic.bnl.gov/sphenix/sys/x8664_sl6/new.2/share/calibrations/Tracking/geometry/ALICE_ITS_tgeo.gdml' done!
Stripping off GDML names of materials, solids and volumes ...
PHG4FullProjTiltedSpacalDetector::Construct_AzimuthalSeg::CEMC_0 - constructed 192 unique towers
PHG4Reco::InitRun - export geometry to DST via tmp file /tmp/PHGeomUtility_geom_file_17754.gdml
PHG4GDML: Writing '/tmp/PHGeomUtility_geom_file_17754.gdml'...
PHG4GDML: Writing definitions...
G4GDML: Writing materials...
PHG4GDML: Writing solids...
PHG4GDML: Writing structure...
G4GDML: Writing setup...
PHG4GDML: Writing surfaces...
PHG4GDML: Writing '/tmp/PHGeomUtility_geom_file_17754.gdml' done !
The TPC zigzag pad option is set to 1
GFRaveVertexFactory::setMethod ==> set method to avf-smoothing:1
--------------------------------------

List of Nodes in Fun4AllServer:
Node Tree under TopNode TOP
TOP (PHCompositeNode)/
   DST (PHCompositeNode)/
      PHHepMCGenEventMap (IO,PHHepMCGenEventMap)
      PHG4INEVENT (PHDataNode)
      CEMC (PHCompositeNode)/
         CLUSTER_POS_COR_CEMC (IO,RawClusterContainer)
         G4CELL_CEMC (IO,PHG4CellContainer)
         TOWER_SIM_CEMC (IO,RawTowerContainer)
         TOWER_RAW_CEMC (IO,RawTowerContainer)
         TOWER_CALIB_CEMC (IO,RawTowerContainer)
      PIPE (PHCompositeNode)/
         G4HIT_PIPE (IO,PHG4HitContainer)
      G4HIT_MAPS (IO,PHG4HitContainer)
      SILICON_TRACKER (PHCompositeNode)/
         G4HIT_SILICON_TRACKER (IO,PHG4HitContainer)
         G4CELL_SILICON_TRACKER (IO,PHG4CellContainer)
      SVTX (PHCompositeNode)/
         G4HIT_SVTX (IO,PHG4HitContainer)
         SvtxHitMap (IO,SvtxHitMap_v1)
         SvtxClusterMap (IO,SvtxClusterMap_v1)
         SvtxTrackMap (IO,SvtxTrackMap_v1)
         SvtxVertexMap (IO,SvtxVertexMap_v1)
      CEMC_ELECTRONICS (PHCompositeNode)/
         G4HIT_CEMC_ELECTRONICS (IO,PHG4HitContainer)
      CEMC_SPT (PHCompositeNode)/
         G4HIT_CEMC_SPT (IO,PHG4HitContainer)
      G4HIT_CEMC (IO,PHG4HitContainer)
      G4HIT_ABSORBER_CEMC (IO,PHG4HitContainer)
      HCALIN (PHCompositeNode)/
         G4HIT_ABSORBER_HCALIN (IO,PHG4HitContainer)
         G4HIT_HCALIN (IO,PHG4HitContainer)
         G4CELL_HCALIN (IO,PHG4CellContainer)
         TOWER_SIM_HCALIN (IO,RawTowerContainer)
         TOWER_RAW_HCALIN (IO,RawTowerContainer)
         TOWER_CALIB_HCALIN (IO,RawTowerContainer)
      HCALIN_SPT (PHCompositeNode)/
         G4HIT_HCALIN_SPT (IO,PHG4HitContainer)
      MAGNET (PHCompositeNode)/
         G4HIT_MAGNET (IO,PHG4HitContainer)
      HCALOUT (PHCompositeNode)/
         G4HIT_ABSORBER_HCALOUT (IO,PHG4HitContainer)
         G4HIT_HCALOUT (IO,PHG4HitContainer)
         G4CELL_HCALOUT (IO,PHG4CellContainer)
         TOWER_SIM_HCALOUT (IO,RawTowerContainer)
         TOWER_RAW_HCALOUT (IO,RawTowerContainer)
         TOWER_CALIB_HCALOUT (IO,RawTowerContainer)
      G4HIT_BH_1 (IO,PHG4HitContainer)
      BH_FORWARD_PLUS (PHCompositeNode)/
         G4HIT_BH_FORWARD_PLUS (IO,PHG4HitContainer)
      BH_FORWARD_NEG (PHCompositeNode)/
         G4HIT_BH_FORWARD_NEG (IO,PHG4HitContainer)
      G4TruthInfo (IO,PHG4TruthInfoContainer)
      BBC (PHCompositeNode)/
         BbcVertexMap (IO,BbcVertexMap_v1)
      MAPS (PHCompositeNode)/
         G4CELL_MAPS (IO,PHG4CellContainer)
      G4CELL_SVTX (IO,PHG4CellContainer)
      CLUSTER_CEMC (IO,RawClusterContainer)
      CLUSTER_HCALIN (IO,RawClusterContainer)
      CLUSTER_HCALOUT (IO,RawClusterContainer)
      GLOBAL (PHCompositeNode)/
         GlobalVertexMap (IO,GlobalVertexMap_v1)
      TRIG (PHCompositeNode)/
         CaloTriggerInfo (IO,CaloTriggerInfo_v1)
      ANTIKT (PHCompositeNode)/
         TRUTH (PHCompositeNode)/
            AntiKt_Truth_r02 (IO,JetMapV1)
            AntiKt_Truth_r03 (IO,JetMapV1)
            AntiKt_Truth_r04 (IO,JetMapV1)
            AntiKt_Truth_r05 (IO,JetMapV1)
            AntiKt_Truth_r06 (IO,JetMapV1)
            AntiKt_Truth_r07 (IO,JetMapV1)
            AntiKt_Truth_r08 (IO,JetMapV1)
         TOWER (PHCompositeNode)/
            AntiKt_Tower_r02 (IO,JetMapV1)
            AntiKt_Tower_r03 (IO,JetMapV1)
            AntiKt_Tower_r04 (IO,JetMapV1)
            AntiKt_Tower_r05 (IO,JetMapV1)
            AntiKt_Tower_r06 (IO,JetMapV1)
            AntiKt_Tower_r07 (IO,JetMapV1)
            AntiKt_Tower_r08 (IO,JetMapV1)
         CLUSTER (PHCompositeNode)/
            AntiKt_Cluster_r02 (IO,JetMapV1)
            AntiKt_Cluster_r03 (IO,JetMapV1)
            AntiKt_Cluster_r04 (IO,JetMapV1)
            AntiKt_Cluster_r05 (IO,JetMapV1)
            AntiKt_Cluster_r06 (IO,JetMapV1)
            AntiKt_Cluster_r07 (IO,JetMapV1)
            AntiKt_Cluster_r08 (IO,JetMapV1)
         TRACK (PHCompositeNode)/
            AntiKt_Track_r02 (IO,JetMapV1)
            AntiKt_Track_r03 (IO,JetMapV1)
            AntiKt_Track_r04 (IO,JetMapV1)
            AntiKt_Track_r05 (IO,JetMapV1)
            AntiKt_Track_r06 (IO,JetMapV1)
            AntiKt_Track_r07 (IO,JetMapV1)
            AntiKt_Track_r08 (IO,JetMapV1)
   RUN (PHCompositeNode)/
      PHGenIntegral (IO,PHGenIntegralv1)
      eclus_Recalibration_CEMC (IO,PdbParameterMap)
      ecore_Recalibration_CEMC (IO,PdbParameterMap)
      FIELD_CONFIG (IO,PHFieldConfig_v1)
      PIPE (PHCompositeNode)/
         G4GEOPARAM_PIPE (IO,PdbParameterMapContainer)
         CYLINDERGEOM_PIPE (IO,PHG4CylinderGeomContainer)
      G4GEOPARAM_MAPS_0 (IO,PdbParameterMapContainer)
      G4GEOPARAM_MAPS_1 (IO,PdbParameterMapContainer)
      G4GEOPARAM_MAPS_2 (IO,PdbParameterMapContainer)
      SILICON_TRACKER (PHCompositeNode)/
         G4GEOPARAM_SILICON_TRACKER (IO,PdbParameterMapContainer)
      SVTXSUPPORT (PHCompositeNode)/
         G4GEOPARAM_SVTXSUPPORT (IO,PdbParameterMapContainer)
      SVTX (PHCompositeNode)/
         G4GEOPARAM_SVTX (IO,PdbParameterMapContainer)
         CYLINDERGEOM_SVTX (IO,PHG4CylinderGeomContainer)
      CEMC_ELECTRONICS (PHCompositeNode)/
         G4GEOPARAM_CEMC_ELECTRONICS (IO,PdbParameterMapContainer)
         CYLINDERGEOM_CEMC_ELECTRONICS (IO,PHG4CylinderGeomContainer)
      CEMC_SPT (PHCompositeNode)/
         G4GEOPARAM_CEMC_SPT (IO,PdbParameterMapContainer)
         CYLINDERGEOM_CEMC_SPT (IO,PHG4CylinderGeomContainer)
      CEMC (PHCompositeNode)/
         G4GEOPARAM_CEMC (IO,PdbParameterMapContainer)
         G4CELLPARAM_CEMC (IO,PdbParameterMap)
         TOWERGEOM_CEMC (IO,RawTowerGeomContainer_Cylinderv1)
      HCALIN (PHCompositeNode)/
         G4GEOPARAM_HCALIN (IO,PdbParameterMapContainer)
         G4CELLPARAM_HCALIN (IO,PdbParameterMap)
         TOWERPARAM_HCALIN (IO,PdbParameterMap)
         TOWERGEOM_HCALIN (IO,RawTowerGeomContainer_Cylinderv1)
      HCALIN_SPT (PHCompositeNode)/
         G4GEOPARAM_HCALIN_SPT (IO,PdbParameterMapContainer)
         CYLINDERGEOM_HCALIN_SPT (IO,PHG4CylinderGeomContainer)
      MAGNET (PHCompositeNode)/
         G4GEOPARAM_MAGNET (IO,PdbParameterMapContainer)
         CYLINDERGEOM_MAGNET (IO,PHG4CylinderGeomContainer)
      HCALOUT (PHCompositeNode)/
         G4GEOPARAM_HCALOUT (IO,PdbParameterMapContainer)
         G4CELLPARAM_HCALOUT (IO,PdbParameterMap)
         TOWERPARAM_HCALOUT (IO,PdbParameterMap)
         TOWERGEOM_HCALOUT (IO,RawTowerGeomContainer_Cylinderv1)
      G4GEOPARAM_BH_1 (IO,PdbParameterMapContainer)
      CYLINDERGEOM_BH_1 (IO,PHG4CylinderGeomContainer)
      BH_FORWARD_PLUS (PHCompositeNode)/
         G4GEOPARAM_BH_FORWARD_PLUS (IO,PdbParameterMapContainer)
         CYLINDERGEOM_BH_FORWARD_PLUS (IO,PHG4CylinderGeomContainer)
      BH_FORWARD_NEG (PHCompositeNode)/
         G4GEOPARAM_BH_FORWARD_NEG (IO,PdbParameterMapContainer)
         CYLINDERGEOM_BH_FORWARD_NEG (IO,PHG4CylinderGeomContainer)
      CYLINDERGEOM_MAPS (IO,PHG4CylinderGeomContainer)
      CYLINDERGEOM_SILICON_TRACKER (IO,PHG4CylinderGeomContainer)
      CYLINDERGEOM_CEMC (IO,PHG4CylinderGeomContainer)
      CYLINDERGEOM_ABSORBER_CEMC (IO,PHG4CylinderGeomContainer)
      GEOMETRY_IO (IO,PHGeomIOTGeo)
      CYLINDERCELLGEOM_SVTX (IO,PHG4CylinderCellGeomContainer)
      CYLINDERCELLGEOM_CEMC (IO,PHG4CylinderCellGeomContainer)
   PAR (PHCompositeNode)/
      FIELD_MAP (PHDataNode)
      PIPE (PHCompositeNode)/
         G4GEO_PIPE (PHDataNode)
      G4GEO_MAPS_0 (PHDataNode)
      G4GEO_MAPS_1 (PHDataNode)
      G4GEO_MAPS_2 (PHDataNode)
      SILICON_TRACKER (PHCompositeNode)/
         G4GEO_SILICON_TRACKER (PHDataNode)
      SVTXSUPPORT (PHCompositeNode)/
         G4GEO_SVTXSUPPORT (PHDataNode)
      SVTX (PHCompositeNode)/
         G4GEO_SVTX (PHDataNode)
      CEMC_ELECTRONICS (PHCompositeNode)/
         G4GEO_CEMC_ELECTRONICS (PHDataNode)
      CEMC_SPT (PHCompositeNode)/
         G4GEO_CEMC_SPT (PHDataNode)
      CEMC (PHCompositeNode)/
         G4GEO_CEMC (PHDataNode)
         G4CELLGEO_CEMC (PHDataNode)
      G4GDML_CONFIG (PHDataNode)
      HCALIN (PHCompositeNode)/
         G4GEO_HCALIN (PHDataNode)
         G4CELLGEO_HCALIN (PHDataNode)
         TOWERGEO_HCALIN (PHDataNode)
      HCALIN_SPT (PHCompositeNode)/
         G4GEO_HCALIN_SPT (PHDataNode)
      MAGNET (PHCompositeNode)/
         G4GEO_MAGNET (PHDataNode)
      HCALOUT (PHCompositeNode)/
         G4GEO_HCALOUT (PHDataNode)
         G4CELLGEO_HCALOUT (PHDataNode)
         TOWERGEO_HCALOUT (PHDataNode)
      G4GEO_BH_1 (PHDataNode)
      BH_FORWARD_PLUS (PHCompositeNode)/
         G4GEO_BH_FORWARD_PLUS (PHDataNode)
      BH_FORWARD_NEG (PHCompositeNode)/
         G4GEO_BH_FORWARD_NEG (PHDataNode)
      GEOMETRY (PHDataNode)



 --------  PYTHIA Event Listing  (hard process)  -----------------------------------------------------------------------------------
 
    no        id   name            status     mothers   daughters     colours      p_x        p_y        p_z         e          m 
     0        90   (system)           -11     0     0     0     0     0     0      0.000      0.000      0.000    200.000    200.000
     1      2212   (p+)               -12     0     0     3     0     0     0      0.000      0.000     99.996    100.000      0.938
     2      2212   (p+)               -12     0     0     4     0     0     0      0.000      0.000    -99.996    100.000      0.938
     3        21   (g)                -21     1     0     5     6   102   101      0.000      0.000     13.482     13.482      0.000
     4         4   (c)                -21     2     0     5     6   101     0      0.000      0.000    -20.261     20.261      0.000
     5        22   gamma               23     3     4     0     0     0     0      0.774    -15.482     -9.135     17.992      0.000
     6         4   c                   23     3     4     0     0   102     0     -0.774     15.482      2.356     15.751      1.500
                                   Charge sum:  0.667           Momentum sum:      0.000      0.000     -6.779     33.743     33.055

 --------  End PYTHIA Event Listing  -----------------------------------------------------------------------------------------------

 --------  PYTHIA Event Listing  (complete event)  ---------------------------------------------------------------------------------
 
    no        id   name            status     mothers   daughters     colours      p_x        p_y        p_z         e          m 
     0        90   (system)           -11     0     0     0     0     0     0      0.000      0.000      0.000    200.000    200.000
     1      2212   (p+)               -12     0     0    45     0     0     0      0.000      0.000     99.996    100.000      0.938
     2      2212   (p+)               -12     0     0    46     0     0     0      0.000      0.000    -99.996    100.000      0.938
     3        21   (g)                -21     7     7     5     6   102   101      0.000      0.000     13.482     13.482      0.000
     4         4   (c)                -21     8     0     5     6   101     0      0.000      0.000    -20.261     20.261      0.000
     5        22   (gamma)            -23     3     4     9     9     0     0      0.774    -15.482     -9.135     17.992      0.000
     6         4   (c)                -23     3     4    10    10   102     0     -0.774     15.482      2.356     15.751      1.500
     7        21   (g)                -42    12     0     3     3   102   101      0.000      0.000     13.482     13.482      0.000
     8         4   (c)                -41    13    13    11     4   103     0     -0.000     -0.000    -63.402     63.402      0.000
     9        22   (gamma)            -44     5     5    14    14     0     0     -4.052    -16.877     -9.483     19.778      0.000
    10         4   (c)                -44     6     6    15    15   102     0     -3.158     14.793      0.772     15.220      1.500
    11        21   (g)                -43     8     0    16    16   103   101      7.210      2.084    -41.208     41.886      0.000
    12        21   (g)                -41    21    21    17     7   102   104      0.000     -0.000     15.980     15.980      0.000
    13         4   (c)                -42    22     0     8     8   103     0     -0.000      0.000    -63.402     63.402      0.000
    14        22   (gamma)            -44     9     9    23    23     0     0     -5.523    -16.860     -9.461     20.107      0.000
    15         4   (c)                -44    10    10    24    24   102     0     -5.442     14.819      0.664     15.872      1.500
    16        21   (g)                -44    11    11    18    19   103   101      7.113      2.085    -38.844     39.545      0.000
    17        21   (g)                -43    12     0    20    20   101   104      3.852     -0.044      0.219      3.859      0.000
    18        21   (g)                -51    16     0    25    25   103   105      2.739      1.985     -9.776     10.344      0.000
    19        21   (g)                -51    16     0    27    27   105   101      4.589      0.097    -29.056     29.416      0.000
    20        21   (g)                -52    17    17    26    26   101   104      3.636     -0.042      0.207      3.643      0.000
    21        21   (g)                -42    37    37    12    12   102   104      0.000     -0.000     15.980     15.980      0.000
    22        21   (g)                -41    46    46    28    13   103   106     -0.000      0.000    -73.949     73.949      0.000
    23        22   (gamma)            -44    14    14    47    47     0     0     -5.599    -16.790     -9.563     20.117      0.000
    24         4   (c)                -44    15    15    35    36   102     0     -5.481     14.855      0.653     15.919      1.500
    25        21   (g)                -44    18    18    38    39   103   105      2.688      2.033     -9.817     10.379      0.000
    26        21   (g)                -44    20    20    31    31   101   104      3.628     -0.033      0.184      3.632      0.000
    27        21   (g)                -44    19    19    29    30   105   101      4.439      0.236    -29.178     29.515      0.000
    28        -4   (cbar)             -43    22     0    52    52     0   106      0.326     -0.301    -10.248     10.367      1.500
    29        21   (g)                -51    27     0    32    33   105   107      4.745      0.827    -28.463     28.867      0.000
    30        21   (g)                -51    27     0    34    34   107   101     -0.034     -0.594     -0.702      0.920      0.000
    31        21   (g)                -52    26    26    50    50   101   104      3.356     -0.031      0.170      3.360      0.000
    32        21   (g)                -51    29     0    40    40   105   108      4.513      0.067    -27.028     27.402      0.000
    33        21   (g)                -51    29     0    54    54   108   107      0.220      0.558     -1.673      1.778      0.000
    34        21   (g)                -52    30    30    53    53   107   101     -0.022     -0.392     -0.463      0.607      0.000
    35         4   (c)                -51    24     0    48    48   109     0     -5.803     14.799      0.996     15.998      1.500
    36        21   (g)                -51    24     0    55    55   102   109      0.322      0.056      0.071      0.334      0.000
    37        21   (g)                -53    45    45    21    21   102   104      0.000     -0.000     16.394     16.394      0.000
    38        21   (g)                -51    25     0    49    49   103   110      2.453      1.497     -7.589      8.115      0.000
    39        21   (g)                -51    25     0    56    56   110   105      0.781      0.544     -5.501      5.583      0.000
    40        21   (g)                -52    32    32    51    51   105   108      3.966      0.059    -23.755     24.084      0.000
    41         2   (u)                -31    57    57    43    44   111     0      0.000      0.000      0.165      0.165      0.000
    42         1   (d)                -31    58    58    43    44   112     0      0.000      0.000     -4.155      4.155      0.000
    43         2   (u)                -33    41    42    59    59   112     0      0.335     -0.131     -0.251      0.549      0.330
    44         1   (d)                -33    41    42    60    60   111     0     -0.335      0.131     -3.740      3.771      0.330
    45        21   (g)                -61     1     0    37    37   102   104     -0.321     -2.732     16.275     16.506      0.000
    46        21   (g)                -61     2     0    22    22   103   106      1.239      1.101    -73.851     73.870      0.000
    47        22   gamma               62    23    23     0     0     0     0     -5.436    -17.424    -11.207     21.418      0.000
    48         4   (c)                -62    35    35    93    93   109     0     -5.858     13.480      2.182     14.934      1.500
    49        21   (g)                -62    38    38    77    77   103   110      2.578      1.566     -7.400      7.991      0.000
    50        21   (g)                -62    31    31    72    72   101   104      3.347     -0.303      0.217      3.368      0.000
    51        21   (g)                -62    40    40    75    75   105   108      4.363      0.385    -23.647     24.049      0.000
    52        -4   (cbar)             -62    28    28    68    68     0   106      0.498     -0.158    -10.256     10.378      1.500
    53        21   (g)                -62    34    34    73    73   107   101     -0.014     -0.395     -0.499      0.637      0.000
    54        21   (g)                -62    33    33    74    74   108   107      0.248      0.575     -1.616      1.733      0.000
    55        21   (g)                -62    36    36    94    94   102   109      0.320      0.024      0.081      0.331      0.000
    56        21   (g)                -62    39    39    76    76   110   105      0.872      0.619     -5.431      5.535      0.000
    57         2   (u)                -61     1     0    41    41   104     0      0.223      0.750     -0.698      1.049      0.000
    58         1   (d)                -61     2     0    42    42   106     0     -0.428      0.147     -3.868      3.895      0.000
    59         2   (u)                -62    43    43    67    67   106     0      0.489      0.546     -1.025      1.303      0.330
    60         1   (d)                -62    44    44    71    71   104     0     -0.694      0.351     -3.541      3.641      0.330
    61      2203   (uu_1)             -63     1     0    95    95     0   102      0.230      1.305     81.888     81.902      0.771
    62         1   (d)                -63     1     0    65    66   114     0      0.052      0.549      1.230      1.388      0.330
    63        -2   (ubar)             -63     1     0    65    66     0   114     -0.185      0.128     -0.055      0.403      0.330
    64      2203   (uu_1)             -63     2     0    78    78     0   103     -0.810     -1.248    -20.921     20.988      0.771
    65      -211   pi-                 82    62    63     0     0     0     0     -0.487      0.368      0.486      0.793      0.140
    66       221   (eta)              -82    62    63   123   125     0     0      0.354      0.308      0.690      0.998      0.548
    67         2   (u)                -71    59    59    69    70   106     0      0.489      0.546     -1.025      1.303      0.330
    68        -4   (cbar)             -71    52    52    69    70     0   106      0.498     -0.158    -10.256     10.378      1.500
    69       221   (eta)              -82    67    68   126   128     0     0      0.816      0.176     -3.371      3.516      0.548
    70      -423   (D*bar0)           -82    67    68   129   130     0     0      0.171      0.213     -7.910      8.165      2.007
    71         1   (d)                -71    60    60    79    92   104     0     -0.694      0.351     -3.541      3.641      0.330
    72        21   (g)                -71    50    50    79    92   101   104      3.347     -0.303      0.217      3.368      0.000
    73        21   (g)                -71    53    53    79    92   107   101     -0.014     -0.395     -0.499      0.637      0.000
    74        21   (g)                -71    54    54    79    92   108   107      0.248      0.575     -1.616      1.733      0.000
    75        21   (g)                -71    51    51    79    92   105   108      4.363      0.385    -23.647     24.049      0.000
    76        21   (g)                -71    56    56    79    92   110   105      0.872      0.619     -5.431      5.535      0.000
    77        21   (g)                -71    49    49    79    92   103   110      2.578      1.566     -7.400      7.991      0.000
    78      2203   (uu_1)             -71    64    64    79    92     0   103     -0.810     -1.248    -20.921     20.988      0.771
    79      -213   (rho-)             -83    71    78   103   104     0     0     -0.624      0.150     -1.950      2.194      0.775
    80       213   (rho+)             -83    71    78   105   106     0     0      0.125     -0.037     -0.752      1.097      0.788
    81       221   (eta)              -83    71    78   131   132     0     0      0.371      0.121     -0.157      0.691      0.548
    82       111   (pi0)              -83    71    78   133   134     0     0      1.149     -0.091     -0.365      1.216      0.135
    83      -213   (rho-)             -83    71    78   107   108     0     0      0.084      0.361     -1.376      1.627      0.784
    84       213   (rho+)             -83    71    78   109   110     0     0      1.235     -0.076     -0.758      1.659      0.804
    85      -213   (rho-)             -83    71    78   111   112     0     0      0.845     -0.660     -1.225      1.958      1.087
    86       113   (rho0)             -83    71    78   113   114     0     0      1.656     -0.060     -9.902     10.083      0.925
    87       211   pi+                 83    71    78     0     0     0     0      1.840      1.838     -7.288      7.739      0.140
    88       223   (omega)            -83    71    78   135   137     0     0      0.853      0.047     -6.786      6.884      0.782
    89      -211   pi-                 84    71    78     0     0     0     0      2.464      0.689    -11.128     11.419      0.140
    90       211   pi+                 84    71    78     0     0     0     0      0.464     -0.053     -2.321      2.371      0.140
    91      2212   p+                  84    71    78     0     0     0     0      0.355     -0.563     -5.324      5.447      0.938
    92       113   (rho0)             -84    71    78   115   116     0     0     -0.927     -0.116    -13.505     13.557      0.732
    93         4   (c)                -71    48    48    96   102   109     0     -5.858     13.480      2.182     14.934      1.500
    94        21   (g)                -71    55    55    96   102   102   109      0.320      0.024      0.081      0.331      0.000
    95      2203   (uu_1)             -71    61    61    96   102     0   102      0.230      1.305     81.888     81.902      0.771
    96       411   (D+)               -83    93    95   138   141     0     0     -5.860     12.483      1.956     14.053      1.870
    97       111   (pi0)              -83    93    95   142   143     0     0      0.212      0.896      0.307      0.980      0.135
    98       111   (pi0)              -83    93    95   144   145     0     0      0.179      0.326      0.758      0.855      0.135
    99      -213   (rho-)             -83    93    95   117   118     0     0      0.099      0.007      5.930      5.994      0.872
   100       213   (rho+)             -84    93    95   119   120     0     0     -0.176      0.854     13.122     13.182      0.900
   101      -211   pi-                 84    93    95     0     0     0     0     -0.207     -0.205      9.791      9.796      0.140
   102      2224   (Delta++)          -84    93    95   121   122     0     0      0.445      0.447     52.288     52.307      1.284
   103      -211   pi-                 91    79     0     0     0     0     0     -0.505      0.338     -1.774      1.881      0.140
   104       111   (pi0)              -91    79     0   146   147     0     0     -0.119     -0.187     -0.176      0.314      0.135
   105       211   pi+                 91    80     0     0     0     0     0     -0.073      0.309     -0.190      0.395      0.140
   106       111   (pi0)              -91    80     0   148   149     0     0      0.198     -0.345     -0.562      0.702      0.135
   107      -211   pi-                 91    83     0     0     0     0     0      0.374      0.337     -0.660      0.842      0.140
   108       111   (pi0)              -91    83     0   150   151     0     0     -0.291      0.024     -0.716      0.785      0.135
   109       211   pi+                 91    84     0     0     0     0     0      0.049      0.089      0.081      0.191      0.140
   110       111   (pi0)              -91    84     0   152   153     0     0      1.186     -0.165     -0.839      1.468      0.135
   111      -211   pi-                 91    85     0     0     0     0     0      0.937     -0.748     -1.285      1.763      0.140
   112       111   (pi0)              -91    85     0   154   155     0     0     -0.092      0.088      0.060      0.195      0.135
   113       211   pi+                 91    86     0     0     0     0     0      1.212     -0.437     -6.513      6.641      0.140
   114      -211   pi-                 91    86     0     0     0     0     0      0.445      0.378     -3.390      3.442      0.140
   115       211   pi+                 91    92     0     0     0     0     0     -0.234      0.106     -7.618      7.624      0.140
   116      -211   pi-                 91    92     0     0     0     0     0     -0.693     -0.222     -5.886      5.933      0.140
   117      -211   pi-                 91    99     0     0     0     0     0     -0.268     -0.120      1.093      1.141      0.140
   118       111   (pi0)              -91    99     0   156   157     0     0      0.367      0.127      4.836      4.854      0.135
   119       211   pi+                 91   100     0     0     0     0     0     -0.244      0.022      6.463      6.469      0.140
   120       111   (pi0)              -91   100     0   158   159     0     0      0.068      0.833      6.659      6.713      0.135
   121      2212   p+                  91   102     0     0     0     0     0      0.240      0.351     29.438     29.456      0.938
   122       211   pi+                 91   102     0     0     0     0     0      0.205      0.096     22.850     22.852      0.140
   123       111   (pi0)              -91    66     0   160   161     0     0      0.174      0.218      0.333      0.454      0.135
   124       111   (pi0)              -91    66     0   162   163     0     0      0.182      0.035      0.105      0.253      0.135
   125       111   (pi0)              -91    66     0   164   165     0     0     -0.002      0.055      0.252      0.291      0.135
   126       111   (pi0)              -91    69     0   166   167     0     0      0.105      0.031     -0.328      0.372      0.135
   127       111   (pi0)              -91    69     0   168   169     0     0      0.509      0.131     -2.282      2.345      0.135
   128       111   (pi0)              -91    69     0   170   171     0     0      0.202      0.014     -0.761      0.799      0.135
   129      -421   (Dbar0)            -91    70     0   172   173     0     0      0.136      0.162     -7.350      7.586      1.865
   130       111   (pi0)              -91    70     0   174   175     0     0      0.035      0.051     -0.560      0.579      0.135
   131        22   gamma               91    81     0     0     0     0     0      0.089     -0.035      0.193      0.215      0.000
   132        22   gamma               91    81     0     0     0     0     0      0.282      0.156     -0.350      0.476      0.000
   133        22   gamma               91    82     0     0     0     0     0      0.631     -0.063     -0.131      0.648      0.000
   134        22   gamma               91    82     0     0     0     0     0      0.518     -0.028     -0.233      0.569      0.000
   135       211   pi+                 91    88     0     0     0     0     0      0.202      0.159     -1.014      1.055      0.140
   136      -211   pi-                 91    88     0     0     0     0     0      0.341     -0.208     -2.263      2.302      0.140
   137       111   (pi0)              -91    88     0   176   177     0     0      0.310      0.095     -3.509      3.527      0.135
   138       221   (eta)              -91    96     0   178   180     0     0     -2.449      5.560      0.529      6.123      0.548
   139       211   pi+                 91    96     0     0     0     0     0     -0.238      0.905     -0.026      0.947      0.140
   140       211   pi+                 91    96     0     0     0     0     0     -1.339      1.989      0.509      2.455      0.140
   141      -211   pi-                 91    96     0     0     0     0     0     -1.833      4.029      0.943      4.528      0.140
   142        22   gamma               91    97     0     0     0     0     0      0.090      0.185      0.034      0.209      0.000
   143        22   gamma               91    97     0     0     0     0     0      0.122      0.711      0.272      0.771      0.000
   144        22   gamma               91    98     0     0     0     0     0     -0.007     -0.004      0.061      0.062      0.000
   145        22   gamma               91    98     0     0     0     0     0      0.186      0.331      0.696      0.793      0.000
   146        22   gamma               91   104     0     0     0     0     0     -0.090     -0.037     -0.029      0.101      0.000
   147        22   gamma               91   104     0     0     0     0     0     -0.029     -0.151     -0.147      0.212      0.000
   148        22   gamma               91   106     0     0     0     0     0      0.096     -0.108     -0.305      0.337      0.000
   149        22   gamma               91   106     0     0     0     0     0      0.102     -0.237     -0.258      0.365      0.000
   150        22   gamma               91   108     0     0     0     0     0     -0.035     -0.022     -0.231      0.235      0.000
   151        22   gamma               91   108     0     0     0     0     0     -0.255      0.046     -0.485      0.550      0.000
   152        22   gamma               91   110     0     0     0     0     0      0.733     -0.093     -0.437      0.859      0.000
   153        22   gamma               91   110     0     0     0     0     0      0.453     -0.072     -0.402      0.610      0.000
   154        22   gamma               91   112     0     0     0     0     0     -0.117      0.054      0.010      0.129      0.000
   155        22   gamma               91   112     0     0     0     0     0      0.025      0.034      0.050      0.066      0.000
   156        22   gamma               91   118     0     0     0     0     0      0.193      0.022      1.744      1.755      0.000
   157        22   gamma               91   118     0     0     0     0     0      0.174      0.105      3.092      3.099      0.000
   158        22   gamma               91   120     0     0     0     0     0     -0.032      0.424      3.262      3.290      0.000
   159        22   gamma               91   120     0     0     0     0     0      0.100      0.408      3.397      3.423      0.000
   160        22   gamma               91   123     0     0     0     0     0      0.177      0.234      0.315      0.430      0.000
   161        22   gamma               91   123     0     0     0     0     0     -0.003     -0.016      0.018      0.024      0.000
   162        22   gamma               91   124     0     0     0     0     0     -0.011      0.020     -0.012      0.026      0.000
   163        22   gamma               91   124     0     0     0     0     0      0.194      0.015      0.117      0.227      0.000
   164        22   gamma               91   125     0     0     0     0     0     -0.044      0.077      0.210      0.228      0.000
   165        22   gamma               91   125     0     0     0     0     0      0.042     -0.022      0.042      0.063      0.000
   166        22   gamma               91   126     0     0     0     0     0      0.092     -0.023     -0.106      0.143      0.000
   167        22   gamma               91   126     0     0     0     0     0      0.013      0.054     -0.222      0.229      0.000
   168        22   gamma               91   127     0     0     0     0     0      0.330      0.149     -1.570      1.611      0.000
   169        22   gamma               91   127     0     0     0     0     0      0.179     -0.018     -0.712      0.734      0.000
   170        22   gamma               91   128     0     0     0     0     0      0.086     -0.060     -0.358      0.373      0.000
   171        22   gamma               91   128     0     0     0     0     0      0.117      0.074     -0.403      0.426      0.000
   172    -20213   (a_1(1260)-)       -91   129     0   181   182     0     0     -0.205      0.091     -5.562      5.699      1.220
   173       321   K+                  91   129     0     0     0     0     0      0.341      0.070     -1.788      1.887      0.494
   174        22   gamma               91   130     0     0     0     0     0     -0.033      0.070     -0.278      0.289      0.000
   175        22   gamma               91   130     0     0     0     0     0      0.068     -0.019     -0.282      0.290      0.000
   176        22   gamma               91   137     0     0     0     0     0      0.262      0.114     -2.502      2.518      0.000
   177        22   gamma               91   137     0     0     0     0     0      0.048     -0.018     -1.008      1.009      0.000
   178       211   pi+                 91   138     0     0     0     0     0     -0.290      0.553      0.055      0.642      0.140
   179      -211   pi-                 91   138     0     0     0     0     0     -1.322      2.987      0.298      3.283      0.140
   180       111   (pi0)              -91   138     0   183   184     0     0     -0.837      2.020      0.177      2.198      0.135
   181      -213   (rho-)             -91   172     0   185   186     0     0     -0.274      0.118     -5.393      5.470      0.865
   182       111   (pi0)              -91   172     0   187   188     0     0      0.069     -0.027     -0.170      0.229      0.135
   183        22   gamma               91   180     0     0     0     0     0     -0.568      1.401      0.061      1.512      0.000
   184        22   gamma               91   180     0     0     0     0     0     -0.269      0.619      0.116      0.685      0.000
   185      -211   pi-                 91   181     0     0     0     0     0     -0.469      0.335     -3.604      3.653      0.140
   186       111   (pi0)              -91   181     0   189   190     0     0      0.195     -0.217     -1.788      1.817      0.135
   187        22   gamma               91   182     0     0     0     0     0      0.053     -0.004      0.004      0.053      0.000
   188        22   gamma               91   182     0     0     0     0     0      0.016     -0.023     -0.174      0.176      0.000
   189        22   gamma               91   186     0     0     0     0     0      0.098     -0.199     -1.175      1.196      0.000
   190        22   gamma               91   186     0     0     0     0     0      0.097     -0.018     -0.613      0.621      0.000
                                   Charge sum:  2.000           Momentum sum:     -0.000     -0.000      0.000    200.000    200.000

 --------  End PYTHIA Event Listing  -----------------------------------------------------------------------------------------------
PHG4OuterHcalField::GetFieldValue - After-burner activated to produce 3D magnetic field in the outer HCal. First call to the after-burner: inside iron, and R = 199.493 cm, field change from (0.066,-0.090,-0.139) T to (0.107,-0.099,-0.178) T
*** KyoTreeMaker:: Processing Event: 1
*** KyoTreeMaker:: Processing Event: 2
*** KyoTreeMaker:: Processing Event: 3
*** KyoTreeMaker:: Processing Event: 4
*** KyoTreeMaker:: Processing Event: 5
*** KyoTreeMaker:: Processing Event: 6
*** KyoTreeMaker:: Processing Event: 7
*** KyoTreeMaker:: Processing Event: 8
*** KyoTreeMaker:: Processing Event: 9
*** KyoTreeMaker:: Processing Event: 10
*** KyoTreeMaker:: Processing Event: 11
*** KyoTreeMaker:: Processing Event: 12
*** KyoTreeMaker:: Processing Event: 13
*** KyoTreeMaker:: Processing Event: 14
*** KyoTreeMaker:: Processing Event: 15
*** KyoTreeMaker:: Processing Event: 16
*** KyoTreeMaker:: Processing Event: 17
*** KyoTreeMaker:: Processing Event: 18
*** KyoTreeMaker:: Processing Event: 19
*** KyoTreeMaker:: Processing Event: 20
*** KyoTreeMaker:: Processing Event: 21
*** KyoTreeMaker:: Processing Event: 22
*** KyoTreeMaker:: Processing Event: 23
*** KyoTreeMaker:: Processing Event: 24
*** KyoTreeMaker:: Processing Event: 25
*** KyoTreeMaker:: Processing Event: 26
*** KyoTreeMaker:: Processing Event: 27
*** KyoTreeMaker:: Processing Event: 28
*** KyoTreeMaker:: Processing Event: 29
*** KyoTreeMaker:: Processing Event: 30
*** KyoTreeMaker:: Processing Event: 31
*** KyoTreeMaker:: Processing Event: 32
*** KyoTreeMaker:: Processing Event: 33
*** KyoTreeMaker:: Processing Event: 34
*** KyoTreeMaker:: Processing Event: 35
*** KyoTreeMaker:: Processing Event: 36
*** KyoTreeMaker:: Processing Event: 37
*** KyoTreeMaker:: Processing Event: 38
*** KyoTreeMaker:: Processing Event: 39
 PYTHIA Error in BeamRemnants::setKinematics: kinematics construction failed  
*** KyoTreeMaker:: Processing Event: 40
*** KyoTreeMaker:: Processing Event: 41
*** KyoTreeMaker:: Processing Event: 42
*** KyoTreeMaker:: Processing Event: 43
*** KyoTreeMaker:: Processing Event: 44
*** KyoTreeMaker:: Processing Event: 45
*** KyoTreeMaker:: Processing Event: 46
*** KyoTreeMaker:: Processing Event: 47
*** KyoTreeMaker:: Processing Event: 48
*** KyoTreeMaker:: Processing Event: 49
*** KyoTreeMaker:: Processing Event: 50
KYO: PHPythia8 verbosity = 1

 *-------  PYTHIA Event and Cross Section Statistics  -------------------------------------------------------------*
 |                                                                                                                 |
 | Subprocess                                    Code |            Number of events       |      sigma +- delta    |
 |                                                    |       Tried   Selected   Accepted |     (estimated) (mb)   |
 |                                                    |                                   |                        |
 |-----------------------------------------------------------------------------------------------------------------|
 |                                                    |                                   |                        |
 | q g -> q gamma (udscb)                         201 |         199         51         51 |   3.691e-07  2.784e-08 |
 | q qbar -> g gamma                              202 |          20          3          3 |   4.429e-08  1.311e-08 |
 | g g -> g gamma                                 203 |           0          0          0 |   0.000e+00  0.000e+00 |
 | f fbar -> gamma gamma                          204 |           0          0          0 |   0.000e+00  0.000e+00 |
 | g g -> gamma gamma                             205 |           0          0          0 |   0.000e+00  0.000e+00 |
 |                                                    |                                   |                        |
 | sum                                                |         219         54         54 |   4.134e-07  3.077e-08 |
 |                                                                                                                 |
 *-------  End PYTHIA Event and Cross Section Statistics ----------------------------------------------------------*

 *-------  PYTHIA Error and Warning Messages Statistics  ----------------------------------------------------------* 
 |                                                                                                                 | 
 |  times   message                                                                                                | 
 |                                                                                                                 | 
 |      1   Error in BeamRemnants::setKinematics: kinematics construction failed                                   | 
 |                                                                                                                 | 
 *-------  End PYTHIA Error and Warning Messages Statistics  ------------------------------------------------------* 
 |                                                                                                                 | 
                         PHPythia8::End - 50 events passed trigger
                         Fraction passed: 50/54 = 9.259e-01
 *-------  End PYTHIA Trigger Statistics  -------------------------------------------------------------------------* 
Integral information on stored on node RUN/PHGenIntegral:
PHGenIntegralv1::identify: PHPythia8 with embedding ID of 1
 N_Generator_Accepted_Event = 54 @ 4.134e+02 pb
          N_Processed_Event = 50 @ 3.828e+02 pb
              Sum_Of_Weight = 5.400e+01
            Integrated_Lumi = 1.306e-01 pb^-1
 *-------  End PYTHIA Integral Node Print  -------------------------------------------------------------------------* 
All done
The run_Fun4All.sh script has finished executing, exiting.
